<?xml version="1.0" encoding="UTF-8"?>
<!-- Generated by org.testng.reporters.JUnitXMLReporter -->
<testsuite ignored="0" hostname="SCMV2023" failures="0" tests="5" name="Default test" time="124.43" errors="0" timestamp="2024-12-06T15:31:01 CST">
  <testcase classname="com.test.swagTest" name="testCase1" time="5.326"/>
  <testcase classname="com.test.swagTest" name="testCase2" time="25.617"/>
  <testcase classname="com.test.swagTest" name="testCase3" time="13.3"/>
  <testcase classname="com.test.swagTest" name="testCase4" time="32.491"/>
  <testcase classname="com.test.swagTest" name="testCase5" time="34.22"/>
</testsuite> <!-- Default test -->
