<?xml version="1.0" encoding="UTF-8"?>
<!-- Generated by org.testng.reporters.JUnitXMLReporter -->
<testsuite ignored="0" hostname="SCMV2023" failures="0" tests="5" name="Test" time="122.978" errors="0" timestamp="2024-12-06T19:22:15 CST">
  <testcase classname="com.test.swagTest" name="testCase1" time="4.606"/>
  <testcase classname="com.test.swagTest" name="testCase2" time="25.688"/>
  <testcase classname="com.test.swagTest" name="testCase3" time="13.917"/>
  <testcase classname="com.test.swagTest" name="testCase4" time="30.793"/>
  <testcase classname="com.test.swagTest" name="testCase5" time="34.984"/>
</testsuite> <!-- Test -->
