<?xml version="1.0" encoding="UTF-8"?>
<testng-results ignored="0" total="5" passed="5" failed="0" skipped="0">
  <reporter-output>
  </reporter-output>
  <suite started-at="2024-12-06T19:20:12 CST" name="Suite" finished-at="2024-12-06T19:22:15 CST" duration-ms="122978">
    <groups>
    </groups>
    <test started-at="2024-12-06T19:20:12 CST" name="Test" finished-at="2024-12-06T19:22:15 CST" duration-ms="122978">
      <class name="com.test.swagTest">
        <test-method is-config="true" signature="browserLaunch()[pri:0, instance:com.test.swagTest@f6efaab]" started-at="2024-12-06T19:20:12 CST" name="browserLaunch" finished-at="2024-12-06T19:20:16 CST" duration-ms="3766" status="PASS">
          <reporter-output>
          </reporter-output>
        </test-method> <!-- browserLaunch -->
        <test-method signature="testCase1()[pri:0, instance:com.test.swagTest@f6efaab]" started-at="2024-12-06T19:20:16 CST" name="testCase1" finished-at="2024-12-06T19:20:20 CST" duration-ms="4606" status="PASS">
          <reporter-output>
          </reporter-output>
        </test-method> <!-- testCase1 -->
        <test-method is-config="true" signature="browserClose()[pri:0, instance:com.test.swagTest@f6efaab]" started-at="2024-12-06T19:20:20 CST" name="browserClose" finished-at="2024-12-06T19:20:21 CST" duration-ms="346" status="PASS">
          <reporter-output>
          </reporter-output>
        </test-method> <!-- browserClose -->
        <test-method is-config="true" signature="browserLaunch()[pri:0, instance:com.test.swagTest@f6efaab]" started-at="2024-12-06T19:20:21 CST" name="browserLaunch" finished-at="2024-12-06T19:20:23 CST" duration-ms="2186" status="PASS">
          <reporter-output>
          </reporter-output>
        </test-method> <!-- browserLaunch -->
        <test-method signature="testCase2()[pri:0, instance:com.test.swagTest@f6efaab]" started-at="2024-12-06T19:20:23 CST" name="testCase2" finished-at="2024-12-06T19:20:49 CST" duration-ms="25688" status="PASS">
          <reporter-output>
          </reporter-output>
        </test-method> <!-- testCase2 -->
        <test-method is-config="true" signature="browserClose()[pri:0, instance:com.test.swagTest@f6efaab]" started-at="2024-12-06T19:20:49 CST" name="browserClose" finished-at="2024-12-06T19:20:49 CST" duration-ms="329" status="PASS">
          <reporter-output>
          </reporter-output>
        </test-method> <!-- browserClose -->
        <test-method is-config="true" signature="browserLaunch()[pri:0, instance:com.test.swagTest@f6efaab]" started-at="2024-12-06T19:20:49 CST" name="browserLaunch" finished-at="2024-12-06T19:20:51 CST" duration-ms="1981" status="PASS">
          <reporter-output>
          </reporter-output>
        </test-method> <!-- browserLaunch -->
        <test-method signature="testCase3()[pri:0, instance:com.test.swagTest@f6efaab]" started-at="2024-12-06T19:20:51 CST" name="testCase3" finished-at="2024-12-06T19:21:05 CST" duration-ms="13917" status="PASS">
          <reporter-output>
          </reporter-output>
        </test-method> <!-- testCase3 -->
        <test-method is-config="true" signature="browserClose()[pri:0, instance:com.test.swagTest@f6efaab]" started-at="2024-12-06T19:21:05 CST" name="browserClose" finished-at="2024-12-06T19:21:05 CST" duration-ms="382" status="PASS">
          <reporter-output>
          </reporter-output>
        </test-method> <!-- browserClose -->
        <test-method is-config="true" signature="browserLaunch()[pri:0, instance:com.test.swagTest@f6efaab]" started-at="2024-12-06T19:21:05 CST" name="browserLaunch" finished-at="2024-12-06T19:21:07 CST" duration-ms="1496" status="PASS">
          <reporter-output>
          </reporter-output>
        </test-method> <!-- browserLaunch -->
        <test-method signature="testCase4()[pri:0, instance:com.test.swagTest@f6efaab]" started-at="2024-12-06T19:21:07 CST" name="testCase4" finished-at="2024-12-06T19:21:38 CST" duration-ms="30793" status="PASS">
          <reporter-output>
          </reporter-output>
        </test-method> <!-- testCase4 -->
        <test-method is-config="true" signature="browserClose()[pri:0, instance:com.test.swagTest@f6efaab]" started-at="2024-12-06T19:21:38 CST" name="browserClose" finished-at="2024-12-06T19:21:38 CST" duration-ms="335" status="PASS">
          <reporter-output>
          </reporter-output>
        </test-method> <!-- browserClose -->
        <test-method is-config="true" signature="browserLaunch()[pri:0, instance:com.test.swagTest@f6efaab]" started-at="2024-12-06T19:21:38 CST" name="browserLaunch" finished-at="2024-12-06T19:21:40 CST" duration-ms="1755" status="PASS">
          <reporter-output>
          </reporter-output>
        </test-method> <!-- browserLaunch -->
        <test-method signature="testCase5()[pri:0, instance:com.test.swagTest@f6efaab]" started-at="2024-12-06T19:21:40 CST" name="testCase5" finished-at="2024-12-06T19:22:15 CST" duration-ms="34984" status="PASS">
          <reporter-output>
          </reporter-output>
        </test-method> <!-- testCase5 -->
        <test-method is-config="true" signature="browserClose()[pri:0, instance:com.test.swagTest@f6efaab]" started-at="2024-12-06T19:22:15 CST" name="browserClose" finished-at="2024-12-06T19:22:15 CST" duration-ms="336" status="PASS">
          <reporter-output>
          </reporter-output>
        </test-method> <!-- browserClose -->
      </class> <!-- com.test.swagTest -->
    </test> <!-- Test -->
  </suite> <!-- Suite -->
</testng-results>
